#! /usr/share/iverilog-0.9.7/bin/vvp
:ivl_version "0.9.7 " "(v0_9_6)";
:vpi_time_precision + 0;
:vpi_module "system";
:vpi_module "v2005_math";
:vpi_module "va_math";
S_0xef63b0 .scope module, "tb" "tb" 2 4;
 .timescale 0 0;
v0xf082c0_0 .var "CLK", 0 0;
v0xf08390_0 .net "OUT", 5 0, v0xf08220_0; 1 drivers
v0xf08440_0 .var "RST", 0 0;
v0xf084f0_0 .var/i "counter", 31 0;
S_0xef64a0 .scope module, "count0" "counter" 2 10, 3 3, S_0xef63b0;
 .timescale 0 0;
v0xef6590_0 .net "CLK", 0 0, v0xf082c0_0; 1 drivers
v0xf08180_0 .net "RST", 0 0, v0xf08440_0; 1 drivers
v0xf08220_0 .var "count", 5 0;
E_0xed39b0 .event posedge, v0xef6590_0;
    .scope S_0xef64a0;
T_0 ;
    %wait E_0xed39b0;
    %load/v 8, v0xf08180_0, 1;
    %mov 9, 0, 2;
    %cmpi/u 8, 1, 3;
    %jmp/0xz  T_0.0, 4;
    %ix/load 0, 6, 0;
    %assign/v0 v0xf08220_0, 0, 0;
    %jmp T_0.1;
T_0.0 ;
    %load/v 8, v0xf08220_0, 6;
    %mov 14, 0, 26;
    %addi 8, 1, 32;
    %ix/load 0, 6, 0;
    %assign/v0 v0xf08220_0, 0, 8;
T_0.1 ;
    %jmp T_0;
    .thread T_0;
    .scope S_0xef63b0;
T_1 ;
    %vpi_call 2 15 "$dumpfile", "dump.vcd";
    %vpi_call 2 17 "$dumpvars", 2'sb01, S_0xef63b0;
    %set/v v0xf084f0_0, 0, 32;
    %set/v v0xf082c0_0, 0, 1;
    %set/v v0xf08440_0, 1, 1;
    %ix/load 0, 1, 0;
    %assign/v0 v0xf08440_0, 0, 0;
    %end;
    .thread T_1;
    .scope S_0xef63b0;
T_2 ;
    %set/v v0xf082c0_0, 1, 1;
    %delay 20, 0;
    %set/v v0xf082c0_0, 0, 1;
    %delay 20, 0;
    %jmp T_2;
    .thread T_2;
    .scope S_0xef63b0;
T_3 ;
    %wait E_0xed39b0;
    %ix/load 0, 1, 0;
    %assign/v0 v0xf08440_0, 0, 0;
    %load/v 8, v0xf084f0_0, 32;
    %mov 40, 39, 1;
    %addi 8, 1, 33;
    %set/v v0xf084f0_0, 8, 32;
    %vpi_call 2 47 "$display", "============================";
    %vpi_call 2 48 "$display", "OUT = %b or %d", v0xf08390_0, v0xf08390_0;
    %load/v 8, v0xf084f0_0, 32;
    %cmpi/u 8, 68, 32;
    %jmp/0xz  T_3.0, 4;
    %vpi_call 2 54 "$finish";
T_3.0 ;
    %jmp T_3;
    .thread T_3;
# The file index is used to find the file name in the following table.
:file_names 4;
    "N/A";
    "<interactive>";
    "testbench.sv";
    "design.sv";
