#! /usr/share/iverilog-0.9.7/bin/vvp
:ivl_version "0.9.7 " "(v0_9_6)";
:vpi_time_precision - 11;
:vpi_module "system";
:vpi_module "v2005_math";
:vpi_module "va_math";
S_0x20e5ba0 .scope module, "tb" "tb" 2 6;
 .timescale -9 -11;
v0x20fd640_0 .var "ADD", 5 0;
v0x20fd6c0_0 .var "CLK", 0 0;
v0x20fd740_0 .net "CLR", 0 0, v0x20fd160_0; 1 drivers
v0x20fd7f0_0 .net "COUNTADD", 5 0, v0x20fcb70_0; 1 drivers
v0x20fd8d0_0 .net "OUT", 5 0, v0x20fd200_0; 1 drivers
v0x20fd980_0 .var "RST", 0 0;
v0x20fda00_0 .var/i "counter", 31 0;
S_0x20fcc10 .scope module, "memory0" "memory" 2 15, 3 22, S_0x20e5ba0;
 .timescale 0 0;
v0x20fcff0_0 .net "ADD", 5 0, v0x20fd640_0; 1 drivers
v0x20fd090_0 .net "CLK", 0 0, v0x20fd6c0_0; 1 drivers
v0x20fd160_0 .var "CLR", 0 0;
v0x20fd200_0 .var "DATA", 5 0;
v0x20fd280_0 .var "DELAY", 0 0;
v0x20fd320_0 .net "RST", 0 0, v0x20fd980_0; 1 drivers
v0x20fd430_0 .var "STALLONE", 0 0;
v0x20fd4d0_0 .var "STALLTWO", 0 0;
v0x20fd5c0_0 .net "countADD", 5 0, v0x20fcf70_0; 1 drivers
S_0x20fcd00 .scope module, "count0" "counter" 3 36, 3 3, S_0x20fcc10;
 .timescale 0 0;
v0x20fcdf0_0 .alias "CLK", 0 0, v0x20fd090_0;
v0x20fcec0_0 .alias "RST", 0 0, v0x20fd320_0;
v0x20fcf70_0 .var "count", 5 0;
S_0x20e5c90 .scope module, "counter0" "counter" 2 16, 3 3, S_0x20e5ba0;
 .timescale 0 0;
v0x20e5d80_0 .alias "CLK", 0 0, v0x20fd090_0;
v0x20fcad0_0 .alias "RST", 0 0, v0x20fd320_0;
v0x20fcb70_0 .var "count", 5 0;
E_0x20bfe20 .event posedge, v0x20e5d80_0;
    .scope S_0x20fcd00;
T_0 ;
    %wait E_0x20bfe20;
    %load/v 8, v0x20fcec0_0, 1;
    %mov 9, 0, 2;
    %cmpi/u 8, 1, 3;
    %jmp/0xz  T_0.0, 4;
    %ix/load 0, 6, 0;
    %assign/v0 v0x20fcf70_0, 0, 0;
    %jmp T_0.1;
T_0.0 ;
    %load/v 8, v0x20fcec0_0, 1;
    %mov 9, 0, 1;
    %cmpi/u 8, 0, 2;
    %jmp/0xz  T_0.2, 4;
    %load/v 8, v0x20fcf70_0, 6;
    %mov 14, 0, 26;
    %addi 8, 1, 32;
    %ix/load 0, 6, 0;
    %assign/v0 v0x20fcf70_0, 0, 8;
T_0.2 ;
T_0.1 ;
    %jmp T_0;
    .thread T_0;
    .scope S_0x20fcc10;
T_1 ;
    %set/v v0x20fd280_0, 0, 1;
    %end;
    .thread T_1;
    .scope S_0x20fcc10;
T_2 ;
    %set/v v0x20fd430_0, 0, 1;
    %end;
    .thread T_2;
    .scope S_0x20fcc10;
T_3 ;
    %set/v v0x20fd4d0_0, 0, 1;
    %end;
    .thread T_3;
    .scope S_0x20fcc10;
T_4 ;
    %wait E_0x20bfe20;
    %load/v 8, v0x20fd280_0, 1;
    %mov 9, 0, 2;
    %cmpi/u 8, 1, 3;
    %jmp/0xz  T_4.0, 4;
    %ix/load 0, 1, 0;
    %assign/v0 v0x20fd4d0_0, 0, 1;
T_4.0 ;
    %load/v 8, v0x20fd4d0_0, 1;
    %mov 9, 0, 2;
    %cmpi/u 8, 1, 3;
    %jmp/0xz  T_4.2, 4;
    %ix/load 0, 1, 0;
    %assign/v0 v0x20fd280_0, 0, 0;
    %ix/load 0, 1, 0;
    %assign/v0 v0x20fd430_0, 0, 0;
    %ix/load 0, 1, 0;
    %assign/v0 v0x20fd4d0_0, 0, 0;
T_4.2 ;
    %ix/load 0, 1, 0;
    %assign/v0 v0x20fd160_0, 0, 1;
    %ix/load 0, 6, 0;
    %assign/v0 v0x20fd200_0, 0, 1;
    %load/v 8, v0x20fcff0_0, 6;
    %load/v 14, v0x20fd5c0_0, 6;
    %cmp/u 8, 14, 6;
    %mov 8, 4, 1;
    %load/v 9, v0x20fd430_0, 1;
    %mov 10, 0, 1;
    %cmpi/u 9, 0, 2;
    %mov 9, 4, 1;
    %and 8, 9, 1;
    %jmp/0xz  T_4.4, 8;
    %load/v 8, v0x20fd5c0_0, 6;
    %ix/load 0, 6, 0;
    %assign/v0 v0x20fd200_0, 0, 8;
    %ix/load 0, 1, 0;
    %assign/v0 v0x20fd160_0, 0, 0;
    %ix/load 0, 1, 0;
    %assign/v0 v0x20fd280_0, 0, 1;
    %ix/load 0, 1, 0;
    %assign/v0 v0x20fd430_0, 0, 1;
T_4.4 ;
    %jmp T_4;
    .thread T_4;
    .scope S_0x20e5c90;
T_5 ;
    %wait E_0x20bfe20;
    %load/v 8, v0x20fcad0_0, 1;
    %mov 9, 0, 2;
    %cmpi/u 8, 1, 3;
    %jmp/0xz  T_5.0, 4;
    %ix/load 0, 6, 0;
    %assign/v0 v0x20fcb70_0, 0, 0;
    %jmp T_5.1;
T_5.0 ;
    %load/v 8, v0x20fcad0_0, 1;
    %mov 9, 0, 1;
    %cmpi/u 8, 0, 2;
    %jmp/0xz  T_5.2, 4;
    %load/v 8, v0x20fcb70_0, 6;
    %mov 14, 0, 26;
    %addi 8, 1, 32;
    %ix/load 0, 6, 0;
    %assign/v0 v0x20fcb70_0, 0, 8;
T_5.2 ;
T_5.1 ;
    %jmp T_5;
    .thread T_5;
    .scope S_0x20e5ba0;
T_6 ;
    %vpi_call 2 21 "$dumpfile", "dump.vcd";
    %vpi_call 2 23 "$dumpvars", 2'sb01, S_0x20e5ba0;
    %set/v v0x20fda00_0, 0, 32;
    %set/v v0x20fd6c0_0, 0, 1;
    %set/v v0x20fd980_0, 1, 1;
    %ix/load 0, 1, 0;
    %assign/v0 v0x20fd980_0, 0, 0;
    %movi 8, 5, 6;
    %ix/load 0, 6, 0;
    %assign/v0 v0x20fd640_0, 0, 8;
    %end;
    .thread T_6;
    .scope S_0x20e5ba0;
T_7 ;
    %set/v v0x20fd6c0_0, 1, 1;
    %delay 2000, 0;
    %set/v v0x20fd6c0_0, 0, 1;
    %delay 2000, 0;
    %jmp T_7;
    .thread T_7;
    .scope S_0x20e5ba0;
T_8 ;
    %wait E_0x20bfe20;
    %ix/load 0, 1, 0;
    %assign/v0 v0x20fd980_0, 0, 0;
    %load/v 8, v0x20fda00_0, 32;
    %mov 40, 39, 1;
    %addi 8, 1, 33;
    %ix/load 0, 32, 0;
    %assign/v0 v0x20fda00_0, 0, 8;
    %vpi_call 2 59 "$display", "============================";
    %vpi_call 2 60 "$display", "ADD = %d", v0x20fd640_0;
    %vpi_call 2 61 "$display", "OUT = %b or %d", v0x20fd8d0_0, v0x20fd8d0_0;
    %vpi_call 2 62 "$display", "COUNTADD = %d", v0x20fd7f0_0;
    %load/v 8, v0x20fd740_0, 1;
    %mov 9, 0, 1;
    %cmpi/u 8, 0, 2;
    %jmp/0xz  T_8.0, 4;
    %ix/load 0, 1, 0;
    %assign/v0 v0x20fd980_0, 0, 1;
T_8.0 ;
    %movi 8, 4, 32;
    %load/v 40, v0x20fda00_0, 32;
    %cmp/s 8, 40, 32;
    %jmp/0xz  T_8.2, 5;
    %movi 8, 6, 6;
    %ix/load 0, 6, 0;
    %assign/v0 v0x20fd640_0, 0, 8;
T_8.2 ;
    %load/v 8, v0x20fda00_0, 32;
    %cmpi/u 8, 20, 32;
    %jmp/0xz  T_8.4, 4;
    %vpi_call 2 81 "$finish";
T_8.4 ;
    %jmp T_8;
    .thread T_8;
# The file index is used to find the file name in the following table.
:file_names 4;
    "N/A";
    "<interactive>";
    "testbench.sv";
    "design.sv";
