#! /usr/share/iverilog-0.9.7/bin/vvp
:ivl_version "0.9.7 " "(v0_9_6)";
:vpi_time_precision - 11;
:vpi_module "system";
:vpi_module "v2005_math";
:vpi_module "va_math";
S_0x1c6f8e0 .scope module, "sorting" "sorting" 2 261;
 .timescale 0 0;
v0x1c83980_0 .net "CLK", 0 0, C4<z>; 0 drivers
v0x1cbc9e0_0 .net "CS", 0 0, C4<z>; 0 drivers
v0x1cbca80_0 .net "RW_", 0 0, C4<z>; 0 drivers
v0x1cbcb20_0 .net "addr_in", 5 0, C4<zzzzzz>; 0 drivers
v0x1cbcbd0_0 .var "addr_out", 5 0;
v0x1cbcc70_0 .net "data_in", 11 0, C4<zzzzzzzzzzzz>; 0 drivers
v0x1cbcd50 .array "ram", 0 63, 11 0;
E_0x1c6f5b0 .event posedge, v0x1c83980_0;
S_0x1c659f0 .scope module, "tb" "tb" 3 6;
 .timescale -9 -11;
v0x1cc3fb0_0 .var "BUFFER_DE", 0 0;
v0x1cc4070_0 .var "BUFFER_DIFF", 11 0;
v0x1cc40f0_0 .var "Bin", 0 0;
v0x1cc4170_0 .net "Bout", 0 0, L_0x1ccbda0; 1 drivers
v0x1cc4220_0 .var "CLK", 0 0;
v0x1cc42a0_0 .var "CS", 0 0;
v0x1cc4320_0 .var "DE", 0 0;
v0x1cc43d0_0 .net "DIFF", 11 0, v0x1cc3990_0; 1 drivers
v0x1cc44d0_0 .net "DIFF_OUT", 11 0, v0x1cbd330_0; 1 drivers
v0x1cc4580_0 .net "OE", 0 0, v0x1cc3a10_0; 1 drivers
v0x1cc4690_0 .var "RST", 0 0;
v0x1cc4740_0 .var "RW_", 0 0;
v0x1cc4860_0 .var "X", 11 0;
v0x1cc48e0_0 .var "Y", 11 0;
v0x1cc4a30_0 .net "addr_out", 5 0, v0x1cbd1b0_0; 1 drivers
v0x1cc4ab0_0 .var "buffer_outcount_0", 5 0;
v0x1cc4960_0 .var "buffer_outcount_1", 5 0;
v0x1cc4bc0_0 .var/i "counter", 31 0;
v0x1cc4b30_0 .net "out_count", 5 0, v0x1cc3f30_0; 1 drivers
S_0x1cc3cf0 .scope module, "co0" "counter" 3 37, 2 2, S_0x1c659f0;
 .timescale 0 0;
v0x1cc3de0_0 .net "CLK", 0 0, v0x1cc4220_0; 1 drivers
v0x1cc3eb0_0 .net "RST", 0 0, v0x1cc4690_0; 1 drivers
v0x1cc3f30_0 .var "count", 5 0;
S_0x1cbd6e0 .scope module, "sm" "subtractor_module" 3 38, 2 217, S_0x1c659f0;
 .timescale 0 0;
v0x1cc3720_0 .net "BIN", 0 0, v0x1cc40f0_0; 1 drivers
v0x1cc37c0_0 .alias "BOUT", 0 0, v0x1cc4170_0;
v0x1cc3890_0 .alias "CLK", 0 0, v0x1cc3de0_0;
v0x1cc3910_0 .net "DE", 0 0, v0x1cc4320_0; 1 drivers
v0x1cc3990_0 .var "NEW_OUT", 11 0;
v0x1cc3a10_0 .var "OE", 0 0;
RS_0x7f31b60f9998/0/0 .resolv tri, L_0x1cc53f0, L_0x1cc5f20, L_0x1cc6860, L_0x1cc7220;
RS_0x7f31b60f9998/0/4 .resolv tri, L_0x1cc7a10, L_0x1cc8790, L_0x1cc8ee0, L_0x1cc9a80;
RS_0x7f31b60f9998/0/8 .resolv tri, L_0x1cc7b60, L_0x1cca620, L_0x1ccb7a0, L_0x1ccb9d0;
RS_0x7f31b60f9998 .resolv tri, RS_0x7f31b60f9998/0/0, RS_0x7f31b60f9998/0/4, RS_0x7f31b60f9998/0/8, C4<zzzzzzzzzzzz>;
v0x1cc3af0_0 .net8 "OUT", 11 0, RS_0x7f31b60f9998; 12 drivers
v0x1cc3b70_0 .net "REF", 11 0, v0x1cc48e0_0; 1 drivers
v0x1cc3c40_0 .net "SENSOR_IN", 11 0, v0x1cc4860_0; 1 drivers
S_0x1cbd7d0 .scope module, "fs12_0" "full_sub12" 2 235, 2 45, S_0x1cbd6e0;
 .timescale 0 0;
v0x1cc3380_0 .alias "Bin", 0 0, v0x1cc3720_0;
v0x1cc3420_0 .alias "Bout", 0 0, v0x1cc4170_0;
v0x1cc34d0_0 .alias "DIFF", 11 0, v0x1cc3af0_0;
v0x1cc3550_0 .alias "X", 11 0, v0x1cc3c40_0;
v0x1cc3600_0 .alias "Y", 11 0, v0x1cc3b70_0;
RS_0x7f31b60f9a28/0/0 .resolv tri, L_0x1cc5530, L_0x1cc5fc0, L_0x1cc6990, L_0x1cc73b0;
RS_0x7f31b60f9a28/0/4 .resolv tri, L_0x1cc7d30, L_0x1cc86b0, L_0x1cc92a0, L_0x1cc9950;
RS_0x7f31b60f9a28/0/8 .resolv tri, L_0x1cca220, L_0x1ccacf0, L_0x1ccb840, C4<zzzzzzzzzzz>;
RS_0x7f31b60f9a28 .resolv tri, RS_0x7f31b60f9a28/0/0, RS_0x7f31b60f9a28/0/4, RS_0x7f31b60f9a28/0/8, C4<zzzzzzzzzzz>;
v0x1cc3680_0 .net8 "borrow", 10 0, RS_0x7f31b60f9a28; 11 drivers
L_0x1cc52b0 .part v0x1cc4860_0, 0, 1;
L_0x1cc5350 .part v0x1cc48e0_0, 0, 1;
L_0x1cc53f0 .part/pv L_0x1cc5150, 0, 1, 12;
L_0x1cc5530 .part/pv L_0x1cc51b0, 0, 1, 11;
L_0x1cc5be0 .part v0x1cc4860_0, 1, 1;
L_0x1cc5d10 .part v0x1cc48e0_0, 1, 1;
L_0x1cc5e80 .part RS_0x7f31b60f9a28, 0, 1;
L_0x1cc5f20 .part/pv L_0x1cc59f0, 1, 1, 12;
L_0x1cc5fc0 .part/pv L_0x1cc5ae0, 1, 1, 11;
L_0x1cc6580 .part v0x1cc4860_0, 2, 1;
L_0x1cc6620 .part v0x1cc48e0_0, 2, 1;
L_0x1cc66c0 .part RS_0x7f31b60f9a28, 1, 1;
L_0x1cc6860 .part/pv L_0x1cc63d0, 2, 1, 12;
L_0x1cc6990 .part/pv L_0x1cc6480, 2, 1, 11;
L_0x1cc6fb0 .part v0x1cc4860_0, 3, 1;
L_0x1cc7050 .part v0x1cc48e0_0, 3, 1;
L_0x1cc7180 .part RS_0x7f31b60f9a28, 2, 1;
L_0x1cc7220 .part/pv L_0x1cc6dc0, 3, 1, 12;
L_0x1cc73b0 .part/pv L_0x1cc6eb0, 3, 1, 11;
L_0x1cc7970 .part v0x1cc4860_0, 4, 1;
L_0x1cc7310 .part v0x1cc48e0_0, 4, 1;
L_0x1cc7ac0 .part RS_0x7f31b60f9a28, 3, 1;
L_0x1cc7a10 .part/pv L_0x1cc77c0, 4, 1, 12;
L_0x1cc7d30 .part/pv L_0x1cc7870, 4, 1, 11;
L_0x1cc8350 .part v0x1cc4860_0, 5, 1;
L_0x1cc8500 .part v0x1cc48e0_0, 5, 1;
L_0x1cc7e20 .part RS_0x7f31b60f9a28, 4, 1;
L_0x1cc8790 .part/pv L_0x1cc81a0, 5, 1, 12;
L_0x1cc86b0 .part/pv L_0x1cc8250, 5, 1, 11;
L_0x1cc8e40 .part v0x1cc4860_0, 6, 1;
L_0x1cc8830 .part v0x1cc48e0_0, 6, 1;
L_0x1cc8fe0 .part RS_0x7f31b60f9a28, 5, 1;
L_0x1cc8ee0 .part/pv L_0x1cc8c90, 6, 1, 12;
L_0x1cc92a0 .part/pv L_0x1cc8d40, 6, 1, 11;
L_0x1cc9810 .part v0x1cc4860_0, 7, 1;
L_0x1cc98b0 .part v0x1cc48e0_0, 7, 1;
L_0x1cc9340 .part RS_0x7f31b60f9a28, 6, 1;
L_0x1cc9a80 .part/pv L_0x1cc9660, 7, 1, 12;
L_0x1cc9950 .part/pv L_0x1cc9710, 7, 1, 11;
L_0x1cca180 .part v0x1cc4860_0, 8, 1;
L_0x1cc9b20 .part v0x1cc48e0_0, 8, 1;
L_0x1cc9bc0 .part RS_0x7f31b60f9a28, 7, 1;
L_0x1cc7b60 .part/pv L_0x1cc9fd0, 8, 1, 12;
L_0x1cca220 .part/pv L_0x1cca080, 8, 1, 11;
L_0x1ccabb0 .part v0x1cc4860_0, 9, 1;
L_0x1ccac50 .part v0x1cc48e0_0, 9, 1;
L_0x1cca580 .part RS_0x7f31b60f9a28, 8, 1;
L_0x1cca620 .part/pv L_0x1ccaa00, 9, 1, 12;
L_0x1ccacf0 .part/pv L_0x1ccaab0, 9, 1, 11;
L_0x1ccb550 .part v0x1cc4860_0, 10, 1;
L_0x1ccaec0 .part v0x1cc48e0_0, 10, 1;
L_0x1ccaf60 .part RS_0x7f31b60f9a28, 9, 1;
L_0x1ccb7a0 .part/pv L_0x1ccb360, 10, 1, 12;
L_0x1ccb840 .part/pv L_0x1ccb450, 10, 1, 11;
L_0x1ccbee0 .part v0x1cc4860_0, 11, 1;
L_0x1ccbf80 .part v0x1cc48e0_0, 11, 1;
L_0x1ccb930 .part RS_0x7f31b60f9a28, 10, 1;
L_0x1ccb9d0 .part/pv L_0x1ccbcf0, 11, 1, 12;
S_0x1cc2bf0 .scope module, "fs0" "full_sub" 2 54, 2 23, S_0x1cbd7d0;
 .timescale 0 0;
L_0x1cc4600 .functor XOR 1, L_0x1cc52b0, L_0x1cc5350, C4<0>, C4<0>;
L_0x1cc4da0 .functor AND 1, L_0x1cc4eb0, L_0x1cc5350, C4<1>, C4<1>;
L_0x1cc4eb0 .functor NOT 1, L_0x1cc52b0, C4<0>, C4<0>, C4<0>;
L_0x1cc4fb0 .functor AND 1, L_0x1cc50a0, v0x1cc40f0_0, C4<1>, C4<1>;
L_0x1cc50a0 .functor NOT 1, L_0x1cc4600, C4<0>, C4<0>, C4<0>;
L_0x1cc5150 .functor XOR 1, L_0x1cc4600, v0x1cc40f0_0, C4<0>, C4<0>;
L_0x1cc51b0 .functor OR 1, L_0x1cc4fb0, L_0x1cc4da0, C4<0>, C4<0>;
v0x1cc2ce0_0 .alias "Bin", 0 0, v0x1cc3720_0;
v0x1cc2da0_0 .net "Bout", 0 0, L_0x1cc51b0; 1 drivers
v0x1cc2e40_0 .net "DIFF", 0 0, L_0x1cc5150; 1 drivers
v0x1cc2ee0_0 .net "X", 0 0, L_0x1cc52b0; 1 drivers
v0x1cc2f60_0 .net "X1", 0 0, L_0x1cc4600; 1 drivers
v0x1cc3000_0 .net "X2", 0 0, L_0x1cc4da0; 1 drivers
v0x1cc30a0_0 .net "X3", 0 0, L_0x1cc4fb0; 1 drivers
v0x1cc3140_0 .net "Y", 0 0, L_0x1cc5350; 1 drivers
v0x1cc31e0_0 .net *"_s2", 0 0, L_0x1cc4eb0; 1 drivers
v0x1cc3280_0 .net *"_s5", 0 0, L_0x1cc50a0; 1 drivers
S_0x1cc2460 .scope module, "fs1" "full_sub" 2 62, 2 23, S_0x1cbd7d0;
 .timescale 0 0;
L_0x1cc5620 .functor XOR 1, L_0x1cc5be0, L_0x1cc5d10, C4<0>, C4<0>;
L_0x1cc5680 .functor AND 1, L_0x1cc5760, L_0x1cc5d10, C4<1>, C4<1>;
L_0x1cc5760 .functor NOT 1, L_0x1cc5be0, C4<0>, C4<0>, C4<0>;
L_0x1cc5860 .functor AND 1, L_0x1cc58f0, L_0x1cc5e80, C4<1>, C4<1>;
L_0x1cc58f0 .functor NOT 1, L_0x1cc5620, C4<0>, C4<0>, C4<0>;
L_0x1cc59f0 .functor XOR 1, L_0x1cc5620, L_0x1cc5e80, C4<0>, C4<0>;
L_0x1cc5ae0 .functor OR 1, L_0x1cc5860, L_0x1cc5680, C4<0>, C4<0>;
v0x1cc2550_0 .net "Bin", 0 0, L_0x1cc5e80; 1 drivers
v0x1cc2610_0 .net "Bout", 0 0, L_0x1cc5ae0; 1 drivers
v0x1cc26b0_0 .net "DIFF", 0 0, L_0x1cc59f0; 1 drivers
v0x1cc2750_0 .net "X", 0 0, L_0x1cc5be0; 1 drivers
v0x1cc27d0_0 .net "X1", 0 0, L_0x1cc5620; 1 drivers
v0x1cc2870_0 .net "X2", 0 0, L_0x1cc5680; 1 drivers
v0x1cc2910_0 .net "X3", 0 0, L_0x1cc5860; 1 drivers
v0x1cc29b0_0 .net "Y", 0 0, L_0x1cc5d10; 1 drivers
v0x1cc2a50_0 .net *"_s2", 0 0, L_0x1cc5760; 1 drivers
v0x1cc2af0_0 .net *"_s5", 0 0, L_0x1cc58f0; 1 drivers
S_0x1cc1cd0 .scope module, "fs2" "full_sub" 2 70, 2 23, S_0x1cbd7d0;
 .timescale 0 0;
L_0x1cc4d10 .functor XOR 1, L_0x1cc6580, L_0x1cc6620, C4<0>, C4<0>;
L_0x1cc6060 .functor AND 1, L_0x1cc6110, L_0x1cc6620, C4<1>, C4<1>;
L_0x1cc6110 .functor NOT 1, L_0x1cc6580, C4<0>, C4<0>, C4<0>;
L_0x1cc6210 .functor AND 1, L_0x1cc62d0, L_0x1cc66c0, C4<1>, C4<1>;
L_0x1cc62d0 .functor NOT 1, L_0x1cc4d10, C4<0>, C4<0>, C4<0>;
L_0x1cc63d0 .functor XOR 1, L_0x1cc4d10, L_0x1cc66c0, C4<0>, C4<0>;
L_0x1cc6480 .functor OR 1, L_0x1cc6210, L_0x1cc6060, C4<0>, C4<0>;
v0x1cc1dc0_0 .net "Bin", 0 0, L_0x1cc66c0; 1 drivers
v0x1cc1e80_0 .net "Bout", 0 0, L_0x1cc6480; 1 drivers
v0x1cc1f20_0 .net "DIFF", 0 0, L_0x1cc63d0; 1 drivers
v0x1cc1fc0_0 .net "X", 0 0, L_0x1cc6580; 1 drivers
v0x1cc2040_0 .net "X1", 0 0, L_0x1cc4d10; 1 drivers
v0x1cc20e0_0 .net "X2", 0 0, L_0x1cc6060; 1 drivers
v0x1cc2180_0 .net "X3", 0 0, L_0x1cc6210; 1 drivers
v0x1cc2220_0 .net "Y", 0 0, L_0x1cc6620; 1 drivers
v0x1cc22c0_0 .net *"_s2", 0 0, L_0x1cc6110; 1 drivers
v0x1cc2360_0 .net *"_s5", 0 0, L_0x1cc62d0; 1 drivers
S_0x1cc1540 .scope module, "fs3" "full_sub" 2 78, 2 23, S_0x1cbd7d0;
 .timescale 0 0;
L_0x1cc4e00 .functor XOR 1, L_0x1cc6fb0, L_0x1cc7050, C4<0>, C4<0>;
L_0x1cc6ab0 .functor AND 1, L_0x1cc6b60, L_0x1cc7050, C4<1>, C4<1>;
L_0x1cc6b60 .functor NOT 1, L_0x1cc6fb0, C4<0>, C4<0>, C4<0>;
L_0x1cc6c60 .functor AND 1, L_0x1cc6cc0, L_0x1cc7180, C4<1>, C4<1>;
L_0x1cc6cc0 .functor NOT 1, L_0x1cc4e00, C4<0>, C4<0>, C4<0>;
L_0x1cc6dc0 .functor XOR 1, L_0x1cc4e00, L_0x1cc7180, C4<0>, C4<0>;
L_0x1cc6eb0 .functor OR 1, L_0x1cc6c60, L_0x1cc6ab0, C4<0>, C4<0>;
v0x1cc1630_0 .net "Bin", 0 0, L_0x1cc7180; 1 drivers
v0x1cc16f0_0 .net "Bout", 0 0, L_0x1cc6eb0; 1 drivers
v0x1cc1790_0 .net "DIFF", 0 0, L_0x1cc6dc0; 1 drivers
v0x1cc1830_0 .net "X", 0 0, L_0x1cc6fb0; 1 drivers
v0x1cc18b0_0 .net "X1", 0 0, L_0x1cc4e00; 1 drivers
v0x1cc1950_0 .net "X2", 0 0, L_0x1cc6ab0; 1 drivers
v0x1cc19f0_0 .net "X3", 0 0, L_0x1cc6c60; 1 drivers
v0x1cc1a90_0 .net "Y", 0 0, L_0x1cc7050; 1 drivers
v0x1cc1b30_0 .net *"_s2", 0 0, L_0x1cc6b60; 1 drivers
v0x1cc1bd0_0 .net *"_s5", 0 0, L_0x1cc6cc0; 1 drivers
S_0x1cc0db0 .scope module, "fs4" "full_sub" 2 86, 2 23, S_0x1cbd7d0;
 .timescale 0 0;
L_0x1cc7450 .functor XOR 1, L_0x1cc7970, L_0x1cc7310, C4<0>, C4<0>;
L_0x1cc74b0 .functor AND 1, L_0x1cc7560, L_0x1cc7310, C4<1>, C4<1>;
L_0x1cc7560 .functor NOT 1, L_0x1cc7970, C4<0>, C4<0>, C4<0>;
L_0x1cc7660 .functor AND 1, L_0x1cc76c0, L_0x1cc7ac0, C4<1>, C4<1>;
L_0x1cc76c0 .functor NOT 1, L_0x1cc7450, C4<0>, C4<0>, C4<0>;
L_0x1cc77c0 .functor XOR 1, L_0x1cc7450, L_0x1cc7ac0, C4<0>, C4<0>;
L_0x1cc7870 .functor OR 1, L_0x1cc7660, L_0x1cc74b0, C4<0>, C4<0>;
v0x1cc0ea0_0 .net "Bin", 0 0, L_0x1cc7ac0; 1 drivers
v0x1cc0f60_0 .net "Bout", 0 0, L_0x1cc7870; 1 drivers
v0x1cc1000_0 .net "DIFF", 0 0, L_0x1cc77c0; 1 drivers
v0x1cc10a0_0 .net "X", 0 0, L_0x1cc7970; 1 drivers
v0x1cc1120_0 .net "X1", 0 0, L_0x1cc7450; 1 drivers
v0x1cc11c0_0 .net "X2", 0 0, L_0x1cc74b0; 1 drivers
v0x1cc1260_0 .net "X3", 0 0, L_0x1cc7660; 1 drivers
v0x1cc1300_0 .net "Y", 0 0, L_0x1cc7310; 1 drivers
v0x1cc13a0_0 .net *"_s2", 0 0, L_0x1cc7560; 1 drivers
v0x1cc1440_0 .net *"_s5", 0 0, L_0x1cc76c0; 1 drivers
S_0x1cc0620 .scope module, "fs5" "full_sub" 2 94, 2 23, S_0x1cbd7d0;
 .timescale 0 0;
L_0x1cc7c70 .functor XOR 1, L_0x1cc8350, L_0x1cc8500, C4<0>, C4<0>;
L_0x1cc7cd0 .functor AND 1, L_0x1cc7f40, L_0x1cc8500, C4<1>, C4<1>;
L_0x1cc7f40 .functor NOT 1, L_0x1cc8350, C4<0>, C4<0>, C4<0>;
L_0x1cc8040 .functor AND 1, L_0x1cc80a0, L_0x1cc7e20, C4<1>, C4<1>;
L_0x1cc80a0 .functor NOT 1, L_0x1cc7c70, C4<0>, C4<0>, C4<0>;
L_0x1cc81a0 .functor XOR 1, L_0x1cc7c70, L_0x1cc7e20, C4<0>, C4<0>;
L_0x1cc8250 .functor OR 1, L_0x1cc8040, L_0x1cc7cd0, C4<0>, C4<0>;
v0x1cc0710_0 .net "Bin", 0 0, L_0x1cc7e20; 1 drivers
v0x1cc07d0_0 .net "Bout", 0 0, L_0x1cc8250; 1 drivers
v0x1cc0870_0 .net "DIFF", 0 0, L_0x1cc81a0; 1 drivers
v0x1cc0910_0 .net "X", 0 0, L_0x1cc8350; 1 drivers
v0x1cc0990_0 .net "X1", 0 0, L_0x1cc7c70; 1 drivers
v0x1cc0a30_0 .net "X2", 0 0, L_0x1cc7cd0; 1 drivers
v0x1cc0ad0_0 .net "X3", 0 0, L_0x1cc8040; 1 drivers
v0x1cc0b70_0 .net "Y", 0 0, L_0x1cc8500; 1 drivers
v0x1cc0c10_0 .net *"_s2", 0 0, L_0x1cc7f40; 1 drivers
v0x1cc0cb0_0 .net *"_s5", 0 0, L_0x1cc80a0; 1 drivers
S_0x1cbfe90 .scope module, "fs6" "full_sub" 2 102, 2 23, S_0x1cbd7d0;
 .timescale 0 0;
L_0x1cc8920 .functor XOR 1, L_0x1cc8e40, L_0x1cc8830, C4<0>, C4<0>;
L_0x1cc8980 .functor AND 1, L_0x1cc8a30, L_0x1cc8830, C4<1>, C4<1>;
L_0x1cc8a30 .functor NOT 1, L_0x1cc8e40, C4<0>, C4<0>, C4<0>;
L_0x1cc8b30 .functor AND 1, L_0x1cc8b90, L_0x1cc8fe0, C4<1>, C4<1>;
L_0x1cc8b90 .functor NOT 1, L_0x1cc8920, C4<0>, C4<0>, C4<0>;
L_0x1cc8c90 .functor XOR 1, L_0x1cc8920, L_0x1cc8fe0, C4<0>, C4<0>;
L_0x1cc8d40 .functor OR 1, L_0x1cc8b30, L_0x1cc8980, C4<0>, C4<0>;
v0x1cbff80_0 .net "Bin", 0 0, L_0x1cc8fe0; 1 drivers
v0x1cc0040_0 .net "Bout", 0 0, L_0x1cc8d40; 1 drivers
v0x1cc00e0_0 .net "DIFF", 0 0, L_0x1cc8c90; 1 drivers
v0x1cc0180_0 .net "X", 0 0, L_0x1cc8e40; 1 drivers
v0x1cc0200_0 .net "X1", 0 0, L_0x1cc8920; 1 drivers
v0x1cc02a0_0 .net "X2", 0 0, L_0x1cc8980; 1 drivers
v0x1cc0340_0 .net "X3", 0 0, L_0x1cc8b30; 1 drivers
v0x1cc03e0_0 .net "Y", 0 0, L_0x1cc8830; 1 drivers
v0x1cc0480_0 .net *"_s2", 0 0, L_0x1cc8a30; 1 drivers
v0x1cc0520_0 .net *"_s5", 0 0, L_0x1cc8b90; 1 drivers
S_0x1cbf700 .scope module, "fs7" "full_sub" 2 110, 2 23, S_0x1cbd7d0;
 .timescale 0 0;
L_0x1cc6900 .functor XOR 1, L_0x1cc9810, L_0x1cc98b0, C4<0>, C4<0>;
L_0x1cc9080 .functor AND 1, L_0x1cc9130, L_0x1cc98b0, C4<1>, C4<1>;
L_0x1cc9130 .functor NOT 1, L_0x1cc9810, C4<0>, C4<0>, C4<0>;
L_0x1cc9500 .functor AND 1, L_0x1cc9560, L_0x1cc9340, C4<1>, C4<1>;
L_0x1cc9560 .functor NOT 1, L_0x1cc6900, C4<0>, C4<0>, C4<0>;
L_0x1cc9660 .functor XOR 1, L_0x1cc6900, L_0x1cc9340, C4<0>, C4<0>;
L_0x1cc9710 .functor OR 1, L_0x1cc9500, L_0x1cc9080, C4<0>, C4<0>;
v0x1cbf7f0_0 .net "Bin", 0 0, L_0x1cc9340; 1 drivers
v0x1cbf8b0_0 .net "Bout", 0 0, L_0x1cc9710; 1 drivers
v0x1cbf950_0 .net "DIFF", 0 0, L_0x1cc9660; 1 drivers
v0x1cbf9f0_0 .net "X", 0 0, L_0x1cc9810; 1 drivers
v0x1cbfa70_0 .net "X1", 0 0, L_0x1cc6900; 1 drivers
v0x1cbfb10_0 .net "X2", 0 0, L_0x1cc9080; 1 drivers
v0x1cbfbb0_0 .net "X3", 0 0, L_0x1cc9500; 1 drivers
v0x1cbfc50_0 .net "Y", 0 0, L_0x1cc98b0; 1 drivers
v0x1cbfcf0_0 .net *"_s2", 0 0, L_0x1cc9130; 1 drivers
v0x1cbfd90_0 .net *"_s5", 0 0, L_0x1cc9560; 1 drivers
S_0x1cbef70 .scope module, "fs8" "full_sub" 2 118, 2 23, S_0x1cbd7d0;
 .timescale 0 0;
L_0x1cc9c60 .functor XOR 1, L_0x1cca180, L_0x1cc9b20, C4<0>, C4<0>;
L_0x1cc9cc0 .functor AND 1, L_0x1cc9d70, L_0x1cc9b20, C4<1>, C4<1>;
L_0x1cc9d70 .functor NOT 1, L_0x1cca180, C4<0>, C4<0>, C4<0>;
L_0x1cc9e70 .functor AND 1, L_0x1cc9ed0, L_0x1cc9bc0, C4<1>, C4<1>;
L_0x1cc9ed0 .functor NOT 1, L_0x1cc9c60, C4<0>, C4<0>, C4<0>;
L_0x1cc9fd0 .functor XOR 1, L_0x1cc9c60, L_0x1cc9bc0, C4<0>, C4<0>;
L_0x1cca080 .functor OR 1, L_0x1cc9e70, L_0x1cc9cc0, C4<0>, C4<0>;
v0x1cbf060_0 .net "Bin", 0 0, L_0x1cc9bc0; 1 drivers
v0x1cbf120_0 .net "Bout", 0 0, L_0x1cca080; 1 drivers
v0x1cbf1c0_0 .net "DIFF", 0 0, L_0x1cc9fd0; 1 drivers
v0x1cbf260_0 .net "X", 0 0, L_0x1cca180; 1 drivers
v0x1cbf2e0_0 .net "X1", 0 0, L_0x1cc9c60; 1 drivers
v0x1cbf380_0 .net "X2", 0 0, L_0x1cc9cc0; 1 drivers
v0x1cbf420_0 .net "X3", 0 0, L_0x1cc9e70; 1 drivers
v0x1cbf4c0_0 .net "Y", 0 0, L_0x1cc9b20; 1 drivers
v0x1cbf560_0 .net *"_s2", 0 0, L_0x1cc9d70; 1 drivers
v0x1cbf600_0 .net *"_s5", 0 0, L_0x1cc9ed0; 1 drivers
S_0x1cbe7e0 .scope module, "fs9" "full_sub" 2 126, 2 23, S_0x1cbd7d0;
 .timescale 0 0;
L_0x1cca310 .functor XOR 1, L_0x1ccabb0, L_0x1ccac50, C4<0>, C4<0>;
L_0x1cca6f0 .functor AND 1, L_0x1cca7a0, L_0x1ccac50, C4<1>, C4<1>;
L_0x1cca7a0 .functor NOT 1, L_0x1ccabb0, C4<0>, C4<0>, C4<0>;
L_0x1cca8a0 .functor AND 1, L_0x1cca900, L_0x1cca580, C4<1>, C4<1>;
L_0x1cca900 .functor NOT 1, L_0x1cca310, C4<0>, C4<0>, C4<0>;
L_0x1ccaa00 .functor XOR 1, L_0x1cca310, L_0x1cca580, C4<0>, C4<0>;
L_0x1ccaab0 .functor OR 1, L_0x1cca8a0, L_0x1cca6f0, C4<0>, C4<0>;
v0x1cbe8d0_0 .net "Bin", 0 0, L_0x1cca580; 1 drivers
v0x1cbe990_0 .net "Bout", 0 0, L_0x1ccaab0; 1 drivers
v0x1cbea30_0 .net "DIFF", 0 0, L_0x1ccaa00; 1 drivers
v0x1cbead0_0 .net "X", 0 0, L_0x1ccabb0; 1 drivers
v0x1cbeb50_0 .net "X1", 0 0, L_0x1cca310; 1 drivers
v0x1cbebf0_0 .net "X2", 0 0, L_0x1cca6f0; 1 drivers
v0x1cbec90_0 .net "X3", 0 0, L_0x1cca8a0; 1 drivers
v0x1cbed30_0 .net "Y", 0 0, L_0x1ccac50; 1 drivers
v0x1cbedd0_0 .net *"_s2", 0 0, L_0x1cca7a0; 1 drivers
v0x1cbee70_0 .net *"_s5", 0 0, L_0x1cca900; 1 drivers
S_0x1cbe050 .scope module, "fs10" "full_sub" 2 134, 2 23, S_0x1cbd7d0;
 .timescale 0 0;
L_0x1ccade0 .functor XOR 1, L_0x1ccb550, L_0x1ccaec0, C4<0>, C4<0>;
L_0x1ccb050 .functor AND 1, L_0x1ccb100, L_0x1ccaec0, C4<1>, C4<1>;
L_0x1ccb100 .functor NOT 1, L_0x1ccb550, C4<0>, C4<0>, C4<0>;
L_0x1ccb200 .functor AND 1, L_0x1ccb260, L_0x1ccaf60, C4<1>, C4<1>;
L_0x1ccb260 .functor NOT 1, L_0x1ccade0, C4<0>, C4<0>, C4<0>;
L_0x1ccb360 .functor XOR 1, L_0x1ccade0, L_0x1ccaf60, C4<0>, C4<0>;
L_0x1ccb450 .functor OR 1, L_0x1ccb200, L_0x1ccb050, C4<0>, C4<0>;
v0x1cbe140_0 .net "Bin", 0 0, L_0x1ccaf60; 1 drivers
v0x1cbe200_0 .net "Bout", 0 0, L_0x1ccb450; 1 drivers
v0x1cbe2a0_0 .net "DIFF", 0 0, L_0x1ccb360; 1 drivers
v0x1cbe340_0 .net "X", 0 0, L_0x1ccb550; 1 drivers
v0x1cbe3c0_0 .net "X1", 0 0, L_0x1ccade0; 1 drivers
v0x1cbe460_0 .net "X2", 0 0, L_0x1ccb050; 1 drivers
v0x1cbe500_0 .net "X3", 0 0, L_0x1ccb200; 1 drivers
v0x1cbe5a0_0 .net "Y", 0 0, L_0x1ccaec0; 1 drivers
v0x1cbe640_0 .net *"_s2", 0 0, L_0x1ccb100; 1 drivers
v0x1cbe6e0_0 .net *"_s5", 0 0, L_0x1ccb260; 1 drivers
S_0x1cbd8c0 .scope module, "fs11" "full_sub" 2 142, 2 23, S_0x1cbd7d0;
 .timescale 0 0;
L_0x1ccb5f0 .functor XOR 1, L_0x1ccbee0, L_0x1ccbf80, C4<0>, C4<0>;
L_0x1ccb650 .functor AND 1, L_0x1ccb700, L_0x1ccbf80, C4<1>, C4<1>;
L_0x1ccb700 .functor NOT 1, L_0x1ccbee0, C4<0>, C4<0>, C4<0>;
L_0x1ccbb90 .functor AND 1, L_0x1ccbbf0, L_0x1ccb930, C4<1>, C4<1>;
L_0x1ccbbf0 .functor NOT 1, L_0x1ccb5f0, C4<0>, C4<0>, C4<0>;
L_0x1ccbcf0 .functor XOR 1, L_0x1ccb5f0, L_0x1ccb930, C4<0>, C4<0>;
L_0x1ccbda0 .functor OR 1, L_0x1ccbb90, L_0x1ccb650, C4<0>, C4<0>;
v0x1cbd9b0_0 .net "Bin", 0 0, L_0x1ccb930; 1 drivers
v0x1cbda70_0 .alias "Bout", 0 0, v0x1cc4170_0;
v0x1cbdb10_0 .net "DIFF", 0 0, L_0x1ccbcf0; 1 drivers
v0x1cbdbb0_0 .net "X", 0 0, L_0x1ccbee0; 1 drivers
v0x1cbdc30_0 .net "X1", 0 0, L_0x1ccb5f0; 1 drivers
v0x1cbdcd0_0 .net "X2", 0 0, L_0x1ccb650; 1 drivers
v0x1cbdd70_0 .net "X3", 0 0, L_0x1ccbb90; 1 drivers
v0x1cbde10_0 .net "Y", 0 0, L_0x1ccbf80; 1 drivers
v0x1cbdeb0_0 .net *"_s2", 0 0, L_0x1ccb700; 1 drivers
v0x1cbdf50_0 .net *"_s5", 0 0, L_0x1ccbbf0; 1 drivers
S_0x1cbcdd0 .scope module, "mem" "memory" 3 39, 2 153, S_0x1c659f0;
 .timescale 0 0;
v0x1cbcf00_0 .alias "CLK", 0 0, v0x1cc3de0_0;
v0x1cbcfc0_0 .net "CS", 0 0, v0x1cc42a0_0; 1 drivers
v0x1cbd060_0 .net "RW_", 0 0, v0x1cc4740_0; 1 drivers
v0x1cbd100_0 .net "addr", 5 0, v0x1cc4960_0; 1 drivers
v0x1cbd1b0_0 .var "addr_out", 5 0;
v0x1cbd250_0 .net "data_in", 11 0, v0x1cc4070_0; 1 drivers
v0x1cbd330_0 .var "data_out", 11 0;
v0x1cbd3d0_0 .var/i "i", 31 0;
v0x1cbd4c0_0 .var "min", 11 0;
v0x1cbd560 .array "ram", 0 63, 11 0;
v0x1cbd640_0 .var "smallest_addr", 5 0;
E_0x1cbcba0 .event posedge, v0x1cbcf00_0;
    .scope S_0x1c6f8e0;
T_0 ;
    %wait E_0x1c6f5b0;
    %load/v 8, v0x1cbcc70_0, 12;
    %ix/getv 3, v0x1cbcb20_0;
    %jmp/1 t_0, 4;
    %ix/load 0, 12, 0; word width
    %ix/load 1, 0, 0; part off
    %assign/av v0x1cbcd50, 0, 8;
t_0 ;
    %jmp T_0;
    .thread T_0;
    .scope S_0x1cc3cf0;
T_1 ;
    %wait E_0x1cbcba0;
    %load/v 8, v0x1cc3eb0_0, 1;
    %mov 9, 0, 2;
    %cmpi/u 8, 1, 3;
    %jmp/0xz  T_1.0, 4;
    %ix/load 0, 6, 0;
    %assign/v0 v0x1cc3f30_0, 0, 0;
    %jmp T_1.1;
T_1.0 ;
    %load/v 8, v0x1cc3eb0_0, 1;
    %mov 9, 0, 1;
    %cmpi/u 8, 0, 2;
    %jmp/0xz  T_1.2, 4;
    %load/v 8, v0x1cc3f30_0, 6;
    %mov 14, 0, 26;
    %addi 8, 1, 32;
    %ix/load 0, 6, 0;
    %assign/v0 v0x1cc3f30_0, 0, 8;
T_1.2 ;
T_1.1 ;
    %jmp T_1;
    .thread T_1;
    .scope S_0x1cbd6e0;
T_2 ;
    %wait E_0x1cbcba0;
    %load/v 8, v0x1cc3910_0, 1;
    %mov 9, 0, 2;
    %cmpi/u 8, 1, 3;
    %jmp/0xz  T_2.0, 4;
    %ix/load 0, 12, 0;
    %assign/v0 v0x1cc3990_0, 0, 3;
    %ix/load 0, 1, 0;
    %assign/v0 v0x1cc3a10_0, 0, 1;
    %jmp T_2.1;
T_2.0 ;
    %load/v 8, v0x1cc3910_0, 1;
    %mov 9, 0, 1;
    %cmpi/u 8, 0, 2;
    %jmp/0xz  T_2.2, 4;
    %load/v 8, v0x1cc37c0_0, 1;
    %mov 9, 0, 2;
    %cmpi/u 8, 1, 3;
    %jmp/0xz  T_2.4, 4;
    %load/v 8, v0x1cc3af0_0, 12;
    %inv 8, 12;
    %addi 8, 1, 12;
    %ix/load 0, 12, 0;
    %assign/v0 v0x1cc3990_0, 0, 8;
    %ix/load 0, 1, 0;
    %assign/v0 v0x1cc3a10_0, 0, 0;
    %jmp T_2.5;
T_2.4 ;
    %load/v 8, v0x1cc37c0_0, 1;
    %mov 9, 0, 1;
    %cmpi/u 8, 0, 2;
    %jmp/0xz  T_2.6, 4;
    %load/v 8, v0x1cc3af0_0, 12;
    %ix/load 0, 12, 0;
    %assign/v0 v0x1cc3990_0, 0, 8;
    %ix/load 0, 1, 0;
    %assign/v0 v0x1cc3a10_0, 0, 0;
T_2.6 ;
T_2.5 ;
T_2.2 ;
T_2.1 ;
    %jmp T_2;
    .thread T_2;
    .scope S_0x1cbcdd0;
T_3 ;
    %set/v v0x1cbd3d0_0, 0, 32;
T_3.0 ;
    %load/v 8, v0x1cbd3d0_0, 32;
   %cmpi/s 8, 64, 32;
    %jmp/0xz T_3.1, 5;
    %load/v 8, v0x1cbd3d0_0, 6; Only need 6 of 32 bits
; Save base=8 wid=6 in lookaside.
    %ix/get 3, 8, 6;
    %jmp/1 t_1, 4;
    %ix/load 0, 12, 0; word width
    %ix/load 1, 0, 0; part off
    %assign/av v0x1cbd560, 0, 3;
t_1 ;
    %ix/load 0, 1, 0;
    %load/vp0/s 8, v0x1cbd3d0_0, 32;
    %set/v v0x1cbd3d0_0, 8, 32;
    %jmp T_3.0;
T_3.1 ;
    %movi 8, 63, 12;
    %ix/load 0, 12, 0;
    %assign/v0 v0x1cbd4c0_0, 0, 8;
    %end;
    .thread T_3;
    .scope S_0x1cbcdd0;
T_4 ;
    %wait E_0x1cbcba0;
    %load/v 8, v0x1cbcfc0_0, 1;
    %mov 9, 0, 1;
    %cmpi/u 8, 0, 2;
    %jmp/0xz  T_4.0, 4;
    %ix/load 0, 12, 0;
    %assign/v0 v0x1cbd330_0, 0, 3;
    %jmp T_4.1;
T_4.0 ;
    %load/v 8, v0x1cbcfc0_0, 1;
    %mov 9, 0, 2;
    %cmpi/u 8, 1, 3;
    %jmp/0xz  T_4.2, 4;
    %load/v 8, v0x1cbd060_0, 1;
    %mov 9, 0, 2;
    %cmpi/u 8, 1, 3;
    %jmp/0xz  T_4.4, 4;
    %set/v v0x1cbd3d0_0, 0, 32;
T_4.6 ;
    %load/v 8, v0x1cbd3d0_0, 32;
   %cmpi/s 8, 64, 32;
    %jmp/0xz T_4.7, 5;
    %load/v 20, v0x1cbd3d0_0, 6; Only need 6 of 32 bits
; Save base=20 wid=6 in lookaside.
    %ix/get 3, 20, 6;
    %load/av 8, v0x1cbd560, 12;
    %load/v 20, v0x1cbd4c0_0, 12;
    %cmp/u 8, 20, 12;
    %jmp/0xz  T_4.8, 5;
    %load/v 20, v0x1cbd3d0_0, 6; Only need 6 of 32 bits
; Save base=20 wid=6 in lookaside.
    %ix/get 3, 20, 6;
    %load/av 8, v0x1cbd560, 12;
    %ix/load 0, 12, 0;
    %assign/v0 v0x1cbd4c0_0, 0, 8;
    %load/v 8, v0x1cbd3d0_0, 32;
    %ix/load 0, 6, 0;
    %assign/v0 v0x1cbd640_0, 0, 8;
T_4.8 ;
    %ix/load 0, 1, 0;
    %load/vp0/s 8, v0x1cbd3d0_0, 32;
    %set/v v0x1cbd3d0_0, 8, 32;
    %jmp T_4.6;
T_4.7 ;
    %load/v 8, v0x1cbd640_0, 6;
    %ix/load 0, 6, 0;
    %assign/v0 v0x1cbd1b0_0, 0, 8;
    %ix/getv 3, v0x1cbd100_0;
    %load/av 8, v0x1cbd560, 12;
    %ix/load 0, 12, 0;
    %assign/v0 v0x1cbd330_0, 0, 8;
    %jmp T_4.5;
T_4.4 ;
    %load/v 8, v0x1cbd060_0, 1;
    %mov 9, 0, 1;
    %cmpi/u 8, 0, 2;
    %jmp/0xz  T_4.10, 4;
    %load/v 8, v0x1cbd250_0, 12;
    %ix/getv 3, v0x1cbd100_0;
    %jmp/1 t_2, 4;
    %ix/load 0, 12, 0; word width
    %ix/load 1, 0, 0; part off
    %assign/av v0x1cbd560, 0, 8;
t_2 ;
T_4.10 ;
T_4.5 ;
T_4.2 ;
T_4.1 ;
    %jmp T_4;
    .thread T_4;
    .scope S_0x1c659f0;
T_5 ;
    %vpi_call 3 44 "$dumpfile", "dump.vcd";
    %vpi_call 3 46 "$dumpvars", 2'sb01, S_0x1c659f0;
    %set/v v0x1cc4bc0_0, 0, 32;
    %set/v v0x1cc4220_0, 0, 1;
    %ix/load 0, 1, 0;
    %assign/v0 v0x1cc4690_0, 0, 1;
    %ix/load 0, 12, 0;
    %assign/v0 v0x1cc4860_0, 0, 0;
    %ix/load 0, 12, 0;
    %assign/v0 v0x1cc48e0_0, 0, 0;
    %ix/load 0, 1, 0;
    %assign/v0 v0x1cc4320_0, 0, 1;
    %ix/load 0, 1, 0;
    %assign/v0 v0x1cc40f0_0, 0, 0;
    %ix/load 0, 1, 0;
    %assign/v0 v0x1cc42a0_0, 0, 0;
    %end;
    .thread T_5;
    .scope S_0x1c659f0;
T_6 ;
    %set/v v0x1cc4220_0, 1, 1;
    %delay 2000, 0;
    %set/v v0x1cc4220_0, 0, 1;
    %delay 2000, 0;
    %jmp T_6;
    .thread T_6;
    .scope S_0x1c659f0;
T_7 ;
    %wait E_0x1cbcba0;
    %load/v 8, v0x1cc4b30_0, 6;
    %ix/load 0, 6, 0;
    %assign/v0 v0x1cc4ab0_0, 0, 8;
    %load/v 8, v0x1cc4ab0_0, 6;
    %ix/load 0, 6, 0;
    %assign/v0 v0x1cc4960_0, 0, 8;
    %load/v 8, v0x1cc4320_0, 1;
    %ix/load 0, 1, 0;
    %assign/v0 v0x1cc3fb0_0, 0, 8;
    %load/v 8, v0x1cc43d0_0, 12;
    %ix/load 0, 12, 0;
    %assign/v0 v0x1cc4070_0, 0, 8;
    %ix/load 0, 1, 0;
    %assign/v0 v0x1cc4690_0, 0, 0;
    %load/v 8, v0x1cc4580_0, 1;
    %ix/load 0, 1, 0;
    %assign/v0 v0x1cc4740_0, 0, 8;
    %load/v 8, v0x1cc4bc0_0, 32;
    %mov 40, 39, 1;
    %addi 8, 1, 33;
    %ix/load 0, 32, 0;
    %assign/v0 v0x1cc4bc0_0, 0, 8;
    %load/v 8, v0x1cc4bc0_0, 32;
   %cmpi/s 8, 5, 32;
    %jmp/0xz  T_7.0, 5;
    %ix/load 0, 1, 0;
    %assign/v0 v0x1cc4320_0, 0, 0;
    %vpi_func 3 91 "$urandom", 8, 32;
    %movi 40, 63, 32;
    %mod 8, 40, 32;
    %ix/load 0, 12, 0;
    %assign/v0 v0x1cc4860_0, 0, 8;
    %vpi_func 3 92 "$urandom", 8, 32;
    %movi 40, 63, 32;
    %mod 8, 40, 32;
    %ix/load 0, 12, 0;
    %assign/v0 v0x1cc48e0_0, 0, 8;
    %load/v 8, v0x1cc4bc0_0, 32;
    %cmpi/u 8, 4, 32;
    %jmp/0xz  T_7.2, 4;
    %movi 8, 2, 12;
    %ix/load 0, 12, 0;
    %assign/v0 v0x1cc4860_0, 0, 8;
    %movi 8, 1, 12;
    %ix/load 0, 12, 0;
    %assign/v0 v0x1cc48e0_0, 0, 8;
T_7.2 ;
    %load/v 8, v0x1cc4580_0, 1;
    %mov 9, 0, 1;
    %cmpi/u 8, 0, 2;
    %jmp/0xz  T_7.4, 4;
    %ix/load 0, 1, 0;
    %assign/v0 v0x1cc42a0_0, 0, 1;
T_7.4 ;
T_7.0 ;
    %vpi_call 3 104 "$display", "============================";
    %vpi_call 3 105 "$display", "X = %d", v0x1cc4860_0;
    %vpi_call 3 106 "$display", "Y = %d", v0x1cc48e0_0;
    %vpi_call 3 107 "$display", "DIFF = %d", v0x1cc43d0_0;
    %vpi_call 3 108 "$display", "OE = %d", v0x1cc4580_0;
    %load/v 8, v0x1cc4bc0_0, 32;
    %cmpi/u 8, 5, 32;
    %jmp/0xz  T_7.6, 4;
    %ix/load 0, 1, 0;
    %assign/v0 v0x1cc4690_0, 0, 1;
    %ix/load 0, 1, 0;
    %assign/v0 v0x1cc4320_0, 0, 1;
T_7.6 ;
    %load/v 8, v0x1cc4bc0_0, 32;
    %cmpi/u 8, 20, 32;
    %jmp/0xz  T_7.8, 4;
    %vpi_call 3 122 "$finish";
T_7.8 ;
    %jmp T_7;
    .thread T_7;
# The file index is used to find the file name in the following table.
:file_names 4;
    "N/A";
    "<interactive>";
    "design.sv";
    "testbench.sv";
