#! /usr/share/iverilog-0.9.7/bin/vvp
:ivl_version "0.9.7 " "(v0_9_6)";
:vpi_time_precision + 0;
:vpi_module "system";
:vpi_module "v2005_math";
:vpi_module "va_math";
S_0x189d320 .scope module, "tb" "tb" 2 4;
 .timescale 0 0;
v0x18b3a60_0 .var "ADD", 5 0;
v0x18b3ae0_0 .var "CLK", 0 0;
v0x18b3b60_0 .net "CLR", 0 0, v0x18b37b0_0; 1 drivers
v0x18b3c10_0 .net "COUNTADD", 5 0, v0x18b31c0_0; 1 drivers
v0x18b3cf0_0 .net "OUT", 5 0, v0x18b3850_0; 1 drivers
v0x18b3da0_0 .var "RST", 0 0;
v0x18b3e60_0 .var/i "counter", 31 0;
S_0x18b3260 .scope module, "memory0" "memory" 2 13, 3 24, S_0x189d320;
 .timescale 0 0;
v0x18b3640_0 .net "ADD", 5 0, v0x18b3a60_0; 1 drivers
v0x18b36e0_0 .net "CLK", 0 0, v0x18b3ae0_0; 1 drivers
v0x18b37b0_0 .var "CLR", 0 0;
v0x18b3850_0 .var "DATA", 5 0;
v0x18b38d0_0 .net "RST", 0 0, v0x18b3da0_0; 1 drivers
v0x18b39a0_0 .net "countADD", 5 0, v0x18b35c0_0; 1 drivers
S_0x18b3350 .scope module, "count0" "counter" 3 34, 3 4, S_0x18b3260;
 .timescale 0 0;
v0x18b3440_0 .alias "CLK", 0 0, v0x18b36e0_0;
v0x18b3510_0 .alias "RST", 0 0, v0x18b38d0_0;
v0x18b35c0_0 .var "count", 5 0;
S_0x189d410 .scope module, "counter0" "counter" 2 14, 3 4, S_0x189d320;
 .timescale 0 0;
v0x189d500_0 .alias "CLK", 0 0, v0x18b36e0_0;
v0x18b3120_0 .alias "RST", 0 0, v0x18b38d0_0;
v0x18b31c0_0 .var "count", 5 0;
E_0x1878b10 .event posedge, v0x189d500_0;
    .scope S_0x18b3350;
T_0 ;
    %wait E_0x1878b10;
    %load/v 8, v0x18b3510_0, 1;
    %mov 9, 0, 2;
    %cmpi/u 8, 1, 3;
    %jmp/0xz  T_0.0, 4;
    %ix/load 0, 6, 0;
    %assign/v0 v0x18b35c0_0, 0, 0;
    %jmp T_0.1;
T_0.0 ;
    %load/v 8, v0x18b3510_0, 1;
    %mov 9, 0, 1;
    %cmpi/u 8, 0, 2;
    %jmp/0xz  T_0.2, 4;
    %load/v 8, v0x18b35c0_0, 6;
    %mov 14, 0, 26;
    %addi 8, 1, 32;
    %ix/load 0, 6, 0;
    %assign/v0 v0x18b35c0_0, 0, 8;
T_0.2 ;
T_0.1 ;
    %jmp T_0;
    .thread T_0;
    .scope S_0x18b3260;
T_1 ;
    %wait E_0x1878b10;
    %ix/load 0, 1, 0;
    %assign/v0 v0x18b37b0_0, 0, 1;
    %ix/load 0, 6, 0;
    %assign/v0 v0x18b3850_0, 0, 1;
    %load/v 8, v0x18b3640_0, 6;
    %load/v 14, v0x18b39a0_0, 6;
    %cmp/u 8, 14, 6;
    %jmp/0xz  T_1.0, 4;
    %load/v 8, v0x18b39a0_0, 6;
    %ix/load 0, 6, 0;
    %assign/v0 v0x18b3850_0, 0, 8;
    %ix/load 0, 1, 0;
    %assign/v0 v0x18b37b0_0, 0, 0;
T_1.0 ;
    %jmp T_1;
    .thread T_1;
    .scope S_0x189d410;
T_2 ;
    %wait E_0x1878b10;
    %load/v 8, v0x18b3120_0, 1;
    %mov 9, 0, 2;
    %cmpi/u 8, 1, 3;
    %jmp/0xz  T_2.0, 4;
    %ix/load 0, 6, 0;
    %assign/v0 v0x18b31c0_0, 0, 0;
    %jmp T_2.1;
T_2.0 ;
    %load/v 8, v0x18b3120_0, 1;
    %mov 9, 0, 1;
    %cmpi/u 8, 0, 2;
    %jmp/0xz  T_2.2, 4;
    %load/v 8, v0x18b31c0_0, 6;
    %mov 14, 0, 26;
    %addi 8, 1, 32;
    %ix/load 0, 6, 0;
    %assign/v0 v0x18b31c0_0, 0, 8;
T_2.2 ;
T_2.1 ;
    %jmp T_2;
    .thread T_2;
    .scope S_0x189d320;
T_3 ;
    %vpi_call 2 19 "$dumpfile", "dump.vcd";
    %vpi_call 2 21 "$dumpvars", 2'sb01, S_0x189d320;
    %set/v v0x18b3e60_0, 0, 32;
    %set/v v0x18b3ae0_0, 0, 1;
    %set/v v0x18b3da0_0, 1, 1;
    %ix/load 0, 1, 0;
    %assign/v0 v0x18b3da0_0, 0, 0;
    %movi 8, 5, 6;
    %ix/load 0, 6, 0;
    %assign/v0 v0x18b3a60_0, 0, 8;
    %end;
    .thread T_3;
    .scope S_0x189d320;
T_4 ;
    %set/v v0x18b3ae0_0, 1, 1;
    %delay 20, 0;
    %set/v v0x18b3ae0_0, 0, 1;
    %delay 20, 0;
    %jmp T_4;
    .thread T_4;
    .scope S_0x189d320;
T_5 ;
    %wait E_0x1878b10;
    %ix/load 0, 1, 0;
    %assign/v0 v0x18b3da0_0, 0, 0;
    %load/v 8, v0x18b3e60_0, 32;
    %mov 40, 39, 1;
    %addi 8, 1, 33;
    %ix/load 0, 32, 0;
    %assign/v0 v0x18b3e60_0, 0, 8;
    %vpi_call 2 54 "$display", "============================";
    %vpi_call 2 55 "$display", "ADD = %d", v0x18b3a60_0;
    %vpi_call 2 56 "$display", "OUT = %b or %d", v0x18b3cf0_0, v0x18b3cf0_0;
    %vpi_call 2 57 "$display", "COUNTADD = %d", v0x18b3c10_0;
    %load/v 8, v0x18b3b60_0, 1;
    %mov 9, 0, 1;
    %cmpi/u 8, 0, 2;
    %jmp/0xz  T_5.0, 4;
    %ix/load 0, 1, 0;
    %assign/v0 v0x18b3da0_0, 0, 1;
T_5.0 ;
    %load/v 8, v0x18b3e60_0, 32;
    %cmpi/u 8, 5, 32;
    %jmp/0xz  T_5.2, 4;
    %movi 8, 7, 6;
    %ix/load 0, 6, 0;
    %assign/v0 v0x18b3a60_0, 0, 8;
T_5.2 ;
    %load/v 8, v0x18b3e60_0, 32;
    %cmpi/u 8, 25, 32;
    %jmp/0xz  T_5.4, 4;
    %vpi_call 2 76 "$finish";
T_5.4 ;
    %jmp T_5;
    .thread T_5;
# The file index is used to find the file name in the following table.
:file_names 4;
    "N/A";
    "<interactive>";
    "testbench.sv";
    "design.sv";
